* About to connect() to test.mpay24.com port 443 (#0)
*   Trying 213.164.23.169...
* connected
* Connected to test.mpay24.com (213.164.23.169) port 443 (#0)
* successfully set certificate verify locations:
*   CAfile: /srv/data/web/vhosts/magento.mpay24.info/htdocs/app/code/community/Mpay24/Mpay24/Model/Api/cacert.pem
  CApath: /etc/ssl/certs
* SSL connection using DHE-RSA-AES256-GCM-SHA384
* Server certificate:
* 	 subject: OU=Domain Control Validated; OU=Provided by EUNETIC GmbH; OU=EuropeanSSL Single; CN=test.mpay24.com
* 	 start date: 2013-05-13 00:00:00 GMT
* 	 expire date: 2015-05-13 23:59:59 GMT
* 	 subjectAltName: test.mpay24.com matched
* 	 issuer: C=DE; O=EUNETIC GmbH; CN=EuropeanSSL Server CA
* 	 SSL certificate verify ok.
* Server auth using Basic with user 'u99999'
> POST /app/bin/etpproxy_v15 HTTP/1.1
Authorization: Basic dTk5OTk5OkJydXNldmE4Ng==
User-Agent: Magento v. 1.8.0.0 - Module v. Magento 1.4.9 
Host: test.mpay24.com
Accept: */*
Content-Length: 2745
Content-Type: application/x-www-form-urlencoded
Expect: 100-continue

* additional stuff not fine transfer.c:1037: 0 0
* HTTP 1.1 or later with persistent connection, pipelining supported
< HTTP/1.1 100 Continue
* additional stuff not fine transfer.c:1037: 0 0
* additional stuff not fine transfer.c:1037: 0 0
* additional stuff not fine transfer.c:1037: 0 0
* HTTP 1.1 or later with persistent connection, pipelining supported
< HTTP/1.1 200 OK
< Date: Tue, 14 Jan 2014 15:06:44 GMT
< Server: Apache
< Content-Length: 594
< Content-Type: text/xml; charset=utf-8
< 
* Connection #0 to host test.mpay24.com left intact
* Closing connection #0
* About to connect() to test.mpay24.com port 443 (#0)
*   Trying 213.164.23.169...
* connected
* Connected to test.mpay24.com (213.164.23.169) port 443 (#0)
* successfully set certificate verify locations:
*   CAfile: /srv/data/web/vhosts/magento.mpay24.info/htdocs/app/code/community/Mpay24/Mpay24/Model/Api/cacert.pem
  CApath: /etc/ssl/certs
* SSL connection using DHE-RSA-AES256-GCM-SHA384
* Server certificate:
* 	 subject: OU=Domain Control Validated; OU=Provided by EUNETIC GmbH; OU=EuropeanSSL Single; CN=test.mpay24.com
* 	 start date: 2013-05-13 00:00:00 GMT
* 	 expire date: 2015-05-13 23:59:59 GMT
* 	 subjectAltName: test.mpay24.com matched
* 	 issuer: C=DE; O=EUNETIC GmbH; CN=EuropeanSSL Server CA
* 	 SSL certificate verify ok.
* Server auth using Basic with user 'u99999'
> POST /app/bin/etpproxy_v15 HTTP/1.1
Authorization: Basic dTk5OTk5OkJydXNldmE4Ng==
User-Agent: mPAY24 PHP API $Rev: 9 $ ($Date:: 2013-10-29 #$)
Host: test.mpay24.com
Accept: */*
Content-Length: 448
Content-Type: application/x-www-form-urlencoded

* upload completely sent off: 448 out of 448 bytes
* additional stuff not fine transfer.c:1037: 0 0
* HTTP 1.1 or later with persistent connection, pipelining supported
< HTTP/1.1 200 OK
< Date: Tue, 14 Jan 2014 15:07:27 GMT
< Server: Apache
< Content-Length: 2729
< Content-Type: text/xml; charset=utf-8
< 
* Connection #0 to host test.mpay24.com left intact
* Closing connection #0
